# JRE version: OpenJDK Runtime Environment Temurin-17.0.1+12 (17.0.1+12) (build 17.0.1+12)
# Java VM: OpenJDK 64-Bit Server VM Temurin-17.0.1+12 (17.0.1+12, mixed mode, tiered, compressed oops, compressed class ptrs, g1 gc, windows-amd64)
GC Precious Log:
 CPUs: 8 total, 8 available
 Memory: 16287M
 Large Page Support: Disabled
 NUMA Support: Disabled
 Compressed Oops: Enabled (Zero based)
 Heap Region Size: 2M
 Heap Min Capacity: 8M
 Heap Initial Capacity: 256M
 Heap Max Capacity: 4072M
 Pre-touch: Disabled
 Parallel Workers: 8
 Concurrent Workers: 2
 Concurrent Refinement Workers: 8
 Periodic GC: Disabled
Heap:
 garbage-first heap   total 131072K, used 54167K [0x0000000701800000, 0x0000000800000000)
  region size 2048K, 2 young (4096K), 2 survivors (4096K)
 Metaspace       used 37679K, committed 38080K, reserved 1089536K
  class space    used 4000K, committed 4224K, reserved 1048576K
GC Heap History (20 events):
Event: 3.836 GC heap after
{Heap after GC invocations=3 (full 0):
 garbage-first heap   total 262144K, used 11632K [0x0000000701800000, 0x0000000800000000)
  region size 2048K, 5 young (10240K), 5 survivors (10240K)
 Metaspace       used 21392K, committed 21504K, reserved 1073152K
  class space    used 2203K, committed 2240K, reserved 1048576K
}
Event: 4.260 GC heap before
{Heap before GC invocations=4 (full 0):
 garbage-first heap   total 55296K, used 34160K [0x0000000701800000, 0x0000000800000000)
  region size 2048K, 16 young (32768K), 5 survivors (10240K)
 Metaspace       used 21697K, committed 21888K, reserved 1073152K
  class space    used 2220K, committed 2304K, reserved 1048576K
}
Event: 4.274 GC heap after
{Heap after GC invocations=5 (full 0):
 garbage-first heap   total 55296K, used 12591K [0x0000000701800000, 0x0000000800000000)
  region size 2048K, 1 young (2048K), 1 survivors (2048K)
 Metaspace       used 21697K, committed 21888K, reserved 1073152K
  class space    used 2220K, committed 2304K, reserved 1048576K
}
Event: 4.328 GC heap before
{Heap before GC invocations=5 (full 0):
 garbage-first heap   total 55296K, used 14639K [0x0000000701800000, 0x0000000800000000)
  region size 2048K, 2 young (4096K), 1 survivors (2048K)
 Metaspace       used 21743K, committed 21952K, reserved 1073152K
  class space    used 2227K, committed 2304K, reserved 1048576K
}
Event: 4.333 GC heap after
{Heap after GC invocations=6 (full 0):
 garbage-first heap   total 55296K, used 13481K [0x0000000701800000, 0x0000000800000000)
  region size 2048K, 1 young (2048K), 1 survivors (2048K)
 Metaspace       used 21743K, committed 21952K, reserved 1073152K
  class space    used 2227K, committed 2304K, reserved 1048576K
}
Event: 4.503 GC heap before
{Heap before GC invocations=6 (full 0):
 garbage-first heap   total 55296K, used 25769K [0x0000000701800000, 0x0000000800000000)
  region size 2048K, 4 young (8192K), 1 survivors (2048K)
 Metaspace       used 22607K, committed 22848K, reserved 1073152K
  class space    used 2312K, committed 2432K, reserved 1048576K
}
Event: 4.506 GC heap after
{Heap after GC invocations=7 (full 0):
 garbage-first heap   total 55296K, used 21572K [0x0000000701800000, 0x0000000800000000)
  region size 2048K, 1 young (2048K), 1 survivors (2048K)
 Metaspace       used 22607K, committed 22848K, reserved 1073152K
  class space    used 2312K, committed 2432K, reserved 1048576K
}
Event: 4.507 GC heap before
{Heap before GC invocations=7 (full 0):
 garbage-first heap   total 55296K, used 33860K [0x0000000701800000, 0x0000000800000000)
  region size 2048K, 2 young (4096K), 1 survivors (2048K)
 Metaspace       used 22607K, committed 22848K, reserved 1073152K
  class space    used 2312K, committed 2432K, reserved 1048576K
}
Event: 4.510 GC heap after
{Heap after GC invocations=8 (full 0):
 garbage-first heap   total 159744K, used 33897K [0x0000000701800000, 0x0000000800000000)
  region size 2048K, 1 young (2048K), 1 survivors (2048K)
 Metaspace       used 22607K, committed 22848K, reserved 1073152K
  class space    used 2312K, committed 2432K, reserved 1048576K
}
Event: 5.681 GC heap before
{Heap before GC invocations=8 (full 0):
 garbage-first heap   total 159744K, used 134249K [0x0000000701800000, 0x0000000800000000)
  region size 2048K, 45 young (92160K), 1 survivors (2048K)
 Metaspace       used 27293K, committed 27520K, reserved 1081344K
  class space    used 2875K, committed 3008K, reserved 1048576K
}
Event: 5.688 GC heap after
{Heap after GC invocations=9 (full 0):
 garbage-first heap   total 159744K, used 15799K [0x0000000701800000, 0x0000000800000000)
  region size 2048K, 2 young (4096K), 2 survivors (4096K)
 Metaspace       used 27293K, committed 27520K, reserved 1081344K
  class space    used 2875K, committed 3008K, reserved 1048576K
}
Event: 6.849 GC heap before
{Heap before GC invocations=9 (full 0):
 garbage-first heap   total 159744K, used 103863K [0x0000000701800000, 0x0000000800000000)
  region size 2048K, 46 young (94208K), 2 survivors (4096K)
 Metaspace       used 31715K, committed 32000K, reserved 1081344K
  class space    used 3334K, committed 3456K, reserved 1048576K
}
Event: 6.867 GC heap after
{Heap after GC invocations=10 (full 0):
 garbage-first heap   total 159744K, used 29506K [0x0000000701800000, 0x0000000800000000)
  region size 2048K, 6 young (12288K), 6 survivors (12288K)
 Metaspace       used 31715K, committed 32000K, reserved 1081344K
  class space    used 3334K, committed 3456K, reserved 1048576K
}
Event: 8.830 GC heap before
{Heap before GC invocations=10 (full 0):
 garbage-first heap   total 159744K, used 101186K [0x0000000701800000, 0x0000000800000000)
  region size 2048K, 42 young (86016K), 6 survivors (12288K)
 Metaspace       used 35718K, committed 35968K, reserved 1089536K
  class space    used 3790K, committed 3904K, reserved 1048576K
}
Event: 8.851 GC heap after
{Heap after GC invocations=11 (full 0):
 garbage-first heap   total 159744K, used 34799K [0x0000000701800000, 0x0000000800000000)
  region size 2048K, 3 young (6144K), 3 survivors (6144K)
 Metaspace       used 35718K, committed 35968K, reserved 1089536K
  class space    used 3790K, committed 3904K, reserved 1048576K
}
Event: 9.249 GC heap before
{Heap before GC invocations=12 (full 0):
 garbage-first heap   total 131072K, used 104431K [0x0000000701800000, 0x0000000800000000)
  region size 2048K, 38 young (77824K), 3 survivors (6144K)
 Metaspace       used 35792K, committed 36160K, reserved 1089536K
  class space    used 3796K, committed 3968K, reserved 1048576K
}
Event: 9.263 GC heap after
{Heap after GC invocations=13 (full 0):
 garbage-first heap   total 131072K, used 42322K [0x0000000701800000, 0x0000000800000000)
  region size 2048K, 5 young (10240K), 5 survivors (10240K)
 Metaspace       used 35792K, committed 36160K, reserved 1089536K
  class space    used 3796K, committed 3968K, reserved 1048576K
}
Event: 9.731 GC heap before
{Heap before GC invocations=13 (full 0):
 garbage-first heap   total 131072K, used 95570K [0x0000000701800000, 0x0000000800000000)
  region size 2048K, 32 young (65536K), 5 survivors (10240K)
 Metaspace       used 35824K, committed 36160K, reserved 1089536K
  class space    used 3796K, committed 3968K, reserved 1048576K
}
Event: 9.743 GC heap after
{Heap after GC invocations=14 (full 0):
 garbage-first heap   total 131072K, used 50226K [0x0000000701800000, 0x0000000800000000)
  region size 2048K, 4 young (8192K), 4 survivors (8192K)
 Metaspace       used 35824K, committed 36160K, reserved 1089536K
  class space    used 3796K, committed 3968K, reserved 1048576K
}
Event: 10.602 GC heap before
{Heap before GC invocations=14 (full 0):
 garbage-first heap   total 131072K, used 93234K [0x0000000701800000, 0x0000000800000000)
  region size 2048K, 26 young (53248K), 4 survivors (8192K)
 Metaspace       used 37679K, committed 38080K, reserved 1089536K
  class space    used 4000K, committed 4224K, reserved 1048576K
}

